<?xml version="1.0" encoding="UTF-8"?>
<!-- Generated by org.testng.reporters.JUnitReportReporter -->
<testsuite hostname="Kamils-Mac-mini" failures="0" tests="1" name="mainTests.loginTest" time="11.195" errors="0" timestamp="06 Aug 2020 22:28:41 GMT" skipped="0">
  <testcase classname="mainTests.loginTest" name="basePageNavigation" time="11.195"/>
</testsuite> <!-- mainTests.loginTest -->
